#
# A fatal error has been detected by the Java Runtime Environment:
#
#  SIGSEGV (0xb) at pc=0x00007fff70512e52, pid=90410, tid=6147
#
# JRE version:  (11.0.2+9) (build )
# Java VM: OpenJDK 64-Bit Server VM (11.0.2+9, mixed mode, aot, sharing, tiered, compressed oops, parallel gc, bsd-amd64)
# Problematic frame:
# C  [libsystem_platform.dylib+0xe52]  _platform_strlen+0x12
#
# No core dump will be written. Core dumps have been disabled. To enable core dumping, try "ulimit -c unlimited" before starting Java again
#
# If you would like to submit a bug report, please visit:
#   http://bugreport.java.com/bugreport/crash.jsp
#

---------------  S U M M A R Y ------------

Command Line: --add-modules=ALL-SYSTEM --add-opens=java.base/java.util=ALL-UNNAMED --add-opens=java.base/java.lang=ALL-UNNAMED -Declipse.application=org.eclipse.jdt.ls.core.id1 -Dosgi.bundles.defaultStartLevel=4 -Declipse.product=org.eclipse.jdt.ls.core.product -Dfile.encoding=utf8 -XX:+UseParallelGC -XX:GCTimeRatio=4 -XX:AdaptiveSizePolicyWeight=90 -Dsun.zip.disableMemoryMapping=true -Xmx1G -Xms100m -Xverify:none /Users/ryankersten/.vscode/extensions/redhat.java-0.76.0/server/plugins/org.eclipse.equinox.launcher_1.6.100.v20201223-0822.jar -configuration /Users/ryankersten/Library/Application Support/Code/User/globalStorage/redhat.java/0.76.0/config_mac -data /Users/ryankersten/Library/Application Support/Code/User/workspaceStorage/5d53c4d30eeb0f31a17f4090b14b7298/redhat.java/jdt_ws

Host: MacBookPro15,2 x86_64 2300 MHz, 8 cores, 8G, Darwin 19.4.0
Time: Wed Mar 31 14:31:28 2021 EDT elapsed time: 0 seconds (0d 0h 0m 0s)

---------------  T H R E A D  ---------------

Current thread (0x00007f869a009000):  JavaThread "Unknown thread" [_thread_in_vm, id=6147, stack(0x000070000852e000,0x000070000862e000)]

Stack: [0x000070000852e000,0x000070000862e000],  sp=0x000070000862db70,  free space=1022k
Native frames: (J=compiled Java code, A=aot compiled Java code, j=interpreted, Vv=VM code, C=native code)
C  [libsystem_platform.dylib+0xe52]  _platform_strlen+0x12
V  [libjvm.dylib+0x1eb94b]  ClassLoader::setup_boot_search_path(char const*)+0x1d
V  [libjvm.dylib+0x1ee3dc]  ClassLoader::initialize()+0x5d8
V  [libjvm.dylib+0x3813e5]  init_globals()+0x2d
V  [libjvm.dylib+0x6f0d19]  Threads::create_vm(JavaVMInitArgs*, bool*)+0x26d
V  [libjvm.dylib+0x3ee954]  JNI_CreateJavaVM+0x60
C  [java+0x3e58]  JavaMain+0x10b
C  [libsystem_pthread.dylib+0x6109]  _pthread_start+0x94
C  [libsystem_pthread.dylib+0x1b8b]  thread_start+0xf


siginfo: si_signo: 11 (SIGSEGV), si_code: 1 (SEGV_MAPERR), si_addr: 0x0000000000000000

Registers:
RAX=0x000000010b5461c2, RBX=0x000000010b549240, RCX=0x0000000000000000, RDX=0x0000000000000000
RSP=0x000070000862db70, RBP=0x000070000862db70, RSI=0x0000000000000000, RDI=0x0000000000000000
R8 =0x0000000000000000, R9 =0x0000000000000000, R10=0x0000000000000000, R11=0x0000000000000000
R12=0x00007f869a009000, R13=0x000070000862df80, R14=0x000000010b1a8b9e, R15=0x000070000862def7
RIP=0x00007fff70512e52, EFLAGS=0x0000000000010246, ERR=0x0000000000000004
  TRAPNO=0x000000000000000e

Top of Stack: (sp=0x000070000862db70)
0x000070000862db70:   000070000862dc90 000000010adeb94b
0x000070000862db80:   00007f86986047d0 0000000000000040
0x000070000862db90:   00007f8698413460 0000000000000040
0x000070000862dba0:   000070000862dbd0 000000010b221684
0x000070000862dbb0:   0000000000000038 0000000000000040
0x000070000862dbc0:   00007f8698607790 0000000000000002
0x000070000862dbd0:   000070000862dc30 000000010b21fc54
0x000070000862dbe0:   000070000862dc10 000000010b1cb645
0x000070000862dbf0:   00007f86986047d0 00007f8698607790
0x000070000862dc00:   00007f8698604740 00007f86984134e0
0x000070000862dc10:   000070000862dc50 000000010b2202d6
0x000070000862dc20:   00007f8698607790 00007f8698607790
0x000070000862dc30:   0000000000000004 000000010b384164
0x000070000862dc40:   000000000000000b 0000000000000000
0x000070000862dc50:   d9c3225161de00c2 0000000000000000
0x000070000862dc60:   000000010b1a8b9e 000000010b549240
0x000070000862dc70:   00007f869a009000 000070000862df80
0x000070000862dc80:   000000010b1a8b9e 000070000862def7
0x000070000862dc90:   000070000862dcc0 000000010adee3dc
0x000070000862dca0:   00007f869a009000 00007f869a009000
0x000070000862dcb0:   000000010b549240 000000010b1a8b9e
0x000070000862dcc0:   000070000862dd10 000000010af813e5
0x000070000862dcd0:   00007f869a009000 00007f86986044a0
0x000070000862dce0:   00007f86986044e0 00007f86986044f0
0x000070000862dcf0:   00007f86986045c8 00000000000000d8
0x000070000862dd00:   00007f86986046c0 000000010b549240
0x000070000862dd10:   000070000862dea0 000000010b2f0d19
0x000070000862dd20:   0000000000000000 0000000000000000
0x000070000862dd30:   0000000000000000 0000000000000000
0x000070000862dd40:   0000000000000000 0000000000000000
0x000070000862dd50:   0000000000000000 0000000000000000
0x000070000862dd60:   0000000000000100 0000000000000000 

Instructions: (pc=0x00007fff70512e52)
0x00007fff70512e32:   90 90 90 90 90 90 90 90 90 90 90 90 90 90 55 48
0x00007fff70512e42:   89 e5 48 89 f9 48 89 fa 48 83 e7 f0 66 0f ef c0
0x00007fff70512e52:   66 0f 74 07 66 0f d7 f0 48 83 e1 0f 48 83 c8 ff
0x00007fff70512e62:   48 d3 e0 21 c6 74 17 0f bc c6 48 29 d7 48 01 f8 


---------------  P R O C E S S  ---------------

Threads class SMR info:
_java_thread_list=0x00007f869850a9f0, length=0, elements={
}

Java Threads: ( => current thread )

Other Threads:

[error occurred during error reporting (printing all threads), id 0xb, SIGSEGV (0xb) at pc=0x000000010b2f2036]

VM state:not at safepoint (not fully initialized)

VM Mutex/Monitor currently owned by a thread: None


[error occurred during error reporting (printing compressed oops mode), id 0xb, SIGSEGV (0xb) at pc=0x000000010b3061d2]

Deoptimization events (0 events):
No events

Classes redefined (0 events):
No events

Internal exceptions (0 events):
No events

Events (0 events):
No events


Dynamic libraries:
0x00007fff354b7000 	/System/Library/Frameworks/Cocoa.framework/Versions/A/Cocoa
0x00007fff42c94000 	/System/Library/Frameworks/Security.framework/Versions/A/Security
0x00007fff34421000 	/System/Library/Frameworks/ApplicationServices.framework/Versions/A/ApplicationServices
0x00007fff6f83e000 	/usr/lib/libz.1.dylib
0x00007fff6d302000 	/usr/lib/libSystem.B.dylib
0x00007fff36352000 	/System/Library/Frameworks/CoreFoundation.framework/Versions/A/CoreFoundation
0x00007fff38a08000 	/System/Library/Frameworks/Foundation.framework/Versions/C/Foundation
0x00007fff6f162000 	/usr/lib/libobjc.A.dylib
0x00007fff33612000 	/System/Library/Frameworks/AppKit.framework/Versions/C/AppKit
0x00007fff35e3b000 	/System/Library/Frameworks/CoreData.framework/Versions/A/CoreData
0x00007fff67323000 	/System/Library/PrivateFrameworks/UIFoundation.framework/Versions/A/UIFoundation
0x00007fff623d1000 	/System/Library/PrivateFrameworks/RemoteViewServices.framework/Versions/A/RemoteViewServices
0x00007fff69e77000 	/System/Library/PrivateFrameworks/XCTTargetBootstrap.framework/Versions/A/XCTTargetBootstrap
0x00007fff36226000 	/System/Library/Frameworks/CoreDisplay.framework/Versions/A/CoreDisplay
0x00007fff3b8c1000 	/System/Library/Frameworks/Metal.framework/Versions/A/Metal
0x00007fff5042a000 	/System/Library/PrivateFrameworks/DesktopServicesPriv.framework/Versions/A/DesktopServicesPriv
0x00007fff6e43f000 	/usr/lib/liblangid.dylib
0x00007fff4f6c3000 	/System/Library/PrivateFrameworks/CoreSVG.framework/Versions/A/CoreSVG
0x00007fff65527000 	/System/Library/PrivateFrameworks/SkyLight.framework/Versions/A/SkyLight
0x00007fff367d3000 	/System/Library/Frameworks/CoreGraphics.framework/Versions/A/CoreGraphics
0x00007fff31fe6000 	/System/Library/Frameworks/Accelerate.framework/Versions/A/Accelerate
0x00007fff6f72f000 	/usr/lib/libxml2.2.dylib
0x00007fff5b383000 	/System/Library/PrivateFrameworks/IconServices.framework/Versions/A/IconServices
0x00007fff391e7000 	/System/Library/Frameworks/IOSurface.framework/Versions/A/IOSurface
0x00007fff6ce2c000 	/usr/lib/libDiagnosticMessagesClient.dylib
0x00007fff50284000 	/System/Library/PrivateFrameworks/DFRFoundation.framework/Versions/A/DFRFoundation
0x00007fff6e1ce000 	/usr/lib/libicucore.A.dylib
0x00007fff34753000 	/System/Library/Frameworks/AudioToolbox.framework/Versions/A/AudioToolbox
0x00007fff34836000 	/System/Library/Frameworks/AudioUnit.framework/Versions/A/AudioUnit
0x00007fff6d504000 	/usr/lib/libauto.dylib
0x00007fff50326000 	/System/Library/PrivateFrameworks/DataDetectorsCore.framework/Versions/A/DataDetectorsCore
0x00007fff34fd8000 	/System/Library/Frameworks/Carbon.framework/Versions/A/Frameworks/HIToolbox.framework/Versions/A/HIToolbox
0x00007fff41e91000 	/System/Library/Frameworks/QuartzCore.framework/Versions/A/QuartzCore
0x00007fff35317000 	/System/Library/Frameworks/Carbon.framework/Versions/A/Frameworks/SpeechRecognition.framework/Versions/A/SpeechRecognition
0x00007fff4fd9b000 	/System/Library/PrivateFrameworks/CoreUI.framework/Versions/A/CoreUI
0x00007fff358a6000 	/System/Library/Frameworks/CoreAudio.framework/Versions/A/CoreAudio
0x00007fff386cd000 	/System/Library/Frameworks/DiskArbitration.framework/Versions/A/DiskArbitration
0x00007fff5d3d0000 	/System/Library/PrivateFrameworks/MultitouchSupport.framework/Versions/A/MultitouchSupport
0x00007fff6e095000 	/usr/lib/libenergytrace.dylib
0x00007fff39141000 	/System/Library/Frameworks/IOKit.framework/Versions/A/IOKit
0x00007fff3773a000 	/System/Library/Frameworks/CoreServices.framework/Versions/A/CoreServices
0x00007fff5f567000 	/System/Library/PrivateFrameworks/PerformanceAnalysis.framework/Versions/A/PerformanceAnalysis
0x00007fff40ec4000 	/System/Library/Frameworks/OpenGL.framework/Versions/A/OpenGL
0x00007fff354c5000 	/System/Library/Frameworks/ColorSync.framework/Versions/A/ColorSync
0x00007fff36e55000 	/System/Library/Frameworks/CoreImage.framework/Versions/A/CoreImage
0x00007fff381ac000 	/System/Library/Frameworks/CoreText.framework/Versions/A/CoreText
0x00007fff39277000 	/System/Library/Frameworks/ImageIO.framework/Versions/A/ImageIO
0x00007fff6d5e8000 	/usr/lib/libc++.1.dylib
0x00007fff6d664000 	/usr/lib/libcompression.dylib
0x00007fff6d170000 	/usr/lib/libMobileGestalt.dylib
0x00007fff6709c000 	/System/Library/PrivateFrameworks/TextureIO.framework/Versions/A/TextureIO
0x00007fff6d467000 	/usr/lib/libate.dylib
0x00007fff5b58c000 	/System/Library/PrivateFrameworks/InternationalSupport.framework/Versions/A/InternationalSupport
0x00007fff700fe000 	/usr/lib/system/libcache.dylib
0x00007fff70104000 	/usr/lib/system/libcommonCrypto.dylib
0x00007fff70110000 	/usr/lib/system/libcompiler_rt.dylib
0x00007fff70118000 	/usr/lib/system/libcopyfile.dylib
0x00007fff70122000 	/usr/lib/system/libcorecrypto.dylib
0x00007fff702c1000 	/usr/lib/system/libdispatch.dylib
0x00007fff70302000 	/usr/lib/system/libdyld.dylib
0x00007fff70339000 	/usr/lib/system/libkeymgr.dylib
0x00007fff70347000 	/usr/lib/system/liblaunch.dylib
0x00007fff70348000 	/usr/lib/system/libmacho.dylib
0x00007fff7034e000 	/usr/lib/system/libquarantine.dylib
0x00007fff70351000 	/usr/lib/system/libremovefile.dylib
0x00007fff70353000 	/usr/lib/system/libsystem_asl.dylib
0x00007fff7036b000 	/usr/lib/system/libsystem_blocks.dylib
0x00007fff7036c000 	/usr/lib/system/libsystem_c.dylib
0x00007fff703f4000 	/usr/lib/system/libsystem_configuration.dylib
0x00007fff703f8000 	/usr/lib/system/libsystem_coreservices.dylib
0x00007fff703fc000 	/usr/lib/system/libsystem_darwin.dylib
0x00007fff70405000 	/usr/lib/system/libsystem_dnssd.dylib
0x00007fff7040d000 	/usr/lib/system/libsystem_featureflags.dylib
0x00007fff7040f000 	/usr/lib/system/libsystem_info.dylib
0x00007fff7048a000 	/usr/lib/system/libsystem_m.dylib
0x00007fff704d2000 	/usr/lib/system/libsystem_malloc.dylib
0x00007fff704fa000 	/usr/lib/system/libsystem_networkextension.dylib
0x00007fff70508000 	/usr/lib/system/libsystem_notify.dylib
0x00007fff70526000 	/usr/lib/system/libsystem_sandbox.dylib
0x00007fff7052b000 	/usr/lib/system/libsystem_secinit.dylib
0x00007fff7045d000 	/usr/lib/system/libsystem_kernel.dylib
0x00007fff70512000 	/usr/lib/system/libsystem_platform.dylib
0x00007fff7051b000 	/usr/lib/system/libsystem_pthread.dylib
0x00007fff7052e000 	/usr/lib/system/libsystem_symptoms.dylib
0x00007fff70536000 	/usr/lib/system/libsystem_trace.dylib
0x00007fff7054e000 	/usr/lib/system/libunwind.dylib
0x00007fff70554000 	/usr/lib/system/libxpc.dylib
0x00007fff6d63b000 	/usr/lib/libc++abi.dylib
0x00007fff6e441000 	/usr/lib/liblzma.5.dylib
0x00007fff6e0bc000 	/usr/lib/libfakelink.dylib
0x00007fff6d3f4000 	/usr/lib/libarchive.2.dylib
0x00007fff43d44000 	/System/Library/Frameworks/SystemConfiguration.framework/Versions/A/SystemConfiguration
0x00007fff6cd5f000 	/usr/lib/libCRFSuite.dylib
0x00007fff34bc9000 	/System/Library/Frameworks/CFNetwork.framework/Versions/A/CFNetwork
0x00007fff6d5ca000 	/usr/lib/libbsm.0.dylib
0x00007fff7033a000 	/usr/lib/system/libkxld.dylib
0x00007fff49c59000 	/System/Library/PrivateFrameworks/AppleFSCompression.framework/Versions/A/AppleFSCompression
0x00007fff6d955000 	/usr/lib/libcoretls.dylib
0x00007fff6d96c000 	/usr/lib/libcoretls_cfhelpers.dylib
0x00007fff6f1a8000 	/usr/lib/libpam.2.dylib
0x00007fff6f2dd000 	/usr/lib/libsqlite3.dylib
0x00007fff6f71c000 	/usr/lib/libxar.1.dylib
0x00007fff6d5db000 	/usr/lib/libbz2.1.0.dylib
0x00007fff6e0dd000 	/usr/lib/libiconv.2.dylib
0x00007fff6d651000 	/usr/lib/libcharset.1.dylib
0x00007fff6ec47000 	/usr/lib/libnetwork.dylib
0x00007fff6f1af000 	/usr/lib/libpcap.A.dylib
0x00007fff6d3a9000 	/usr/lib/libapple_nghttp2.dylib
0x00007fff37af1000 	/System/Library/Frameworks/CoreServices.framework/Versions/A/Frameworks/FSEvents.framework/Versions/A/FSEvents
0x00007fff377c1000 	/System/Library/Frameworks/CoreServices.framework/Versions/A/Frameworks/CarbonCore.framework/Versions/A/CarbonCore
0x00007fff37d34000 	/System/Library/Frameworks/CoreServices.framework/Versions/A/Frameworks/Metadata.framework/Versions/A/Metadata
0x00007fff37dcd000 	/System/Library/Frameworks/CoreServices.framework/Versions/A/Frameworks/OSServices.framework/Versions/A/OSServices
0x00007fff37dfb000 	/System/Library/Frameworks/CoreServices.framework/Versions/A/Frameworks/SearchKit.framework/Versions/A/SearchKit
0x00007fff3773b000 	/System/Library/Frameworks/CoreServices.framework/Versions/A/Frameworks/AE.framework/Versions/A/AE
0x00007fff37afa000 	/System/Library/Frameworks/CoreServices.framework/Versions/A/Frameworks/LaunchServices.framework/Versions/A/LaunchServices
0x00007fff37aa3000 	/System/Library/Frameworks/CoreServices.framework/Versions/A/Frameworks/DictionaryServices.framework/Versions/A/DictionaryServices
0x00007fff37e63000 	/System/Library/Frameworks/CoreServices.framework/Versions/A/Frameworks/SharedFileList.framework/Versions/A/SharedFileList
0x00007fff3cce4000 	/System/Library/Frameworks/NetFS.framework/Versions/A/NetFS
0x00007fff5d8ff000 	/System/Library/PrivateFrameworks/NetAuth.framework/Versions/A/NetAuth
0x00007fff6a244000 	/System/Library/PrivateFrameworks/login.framework/Versions/A/Frameworks/loginsupport.framework/Versions/A/loginsupport
0x00007fff66b69000 	/System/Library/PrivateFrameworks/TCC.framework/Versions/A/TCC
0x00007fff4e836000 	/System/Library/PrivateFrameworks/CoreNLP.framework/Versions/A/CoreNLP
0x00007fff5cdfe000 	/System/Library/PrivateFrameworks/MetadataUtilities.framework/Versions/A/MetadataUtilities
0x00007fff6e519000 	/usr/lib/libmecabra.dylib
0x00007fff6e471000 	/usr/lib/libmecab.dylib
0x00007fff6e0cd000 	/usr/lib/libgermantok.dylib
0x00007fff6d390000 	/usr/lib/libThaiTokenizer.dylib
0x00007fff6cd96000 	/usr/lib/libChineseTokenizer.dylib
0x00007fff31ffe000 	/System/Library/Frameworks/Accelerate.framework/Versions/A/Frameworks/vImage.framework/Versions/A/vImage
0x00007fff33468000 	/System/Library/Frameworks/Accelerate.framework/Versions/A/Frameworks/vecLib.framework/Versions/A/vecLib
0x00007fff333a5000 	/System/Library/Frameworks/Accelerate.framework/Versions/A/Frameworks/vecLib.framework/Versions/A/libvMisc.dylib
0x00007fff331cd000 	/System/Library/Frameworks/Accelerate.framework/Versions/A/Frameworks/vecLib.framework/Versions/A/libvDSP.dylib
0x00007fff32655000 	/System/Library/Frameworks/Accelerate.framework/Versions/A/Frameworks/vecLib.framework/Versions/A/libBLAS.dylib
0x00007fff32d91000 	/System/Library/Frameworks/Accelerate.framework/Versions/A/Frameworks/vecLib.framework/Versions/A/libLAPACK.dylib
0x00007fff3312d000 	/System/Library/Frameworks/Accelerate.framework/Versions/A/Frameworks/vecLib.framework/Versions/A/libLinearAlgebra.dylib
0x00007fff331ba000 	/System/Library/Frameworks/Accelerate.framework/Versions/A/Frameworks/vecLib.framework/Versions/A/libSparseBLAS.dylib
0x00007fff33143000 	/System/Library/Frameworks/Accelerate.framework/Versions/A/Frameworks/vecLib.framework/Versions/A/libQuadrature.dylib
0x00007fff328bd000 	/System/Library/Frameworks/Accelerate.framework/Versions/A/Frameworks/vecLib.framework/Versions/A/libBNNS.dylib
0x00007fff33149000 	/System/Library/Frameworks/Accelerate.framework/Versions/A/Frameworks/vecLib.framework/Versions/A/libSparse.dylib
0x00007fff5b974000 	/System/Library/PrivateFrameworks/LanguageModeling.framework/Versions/A/LanguageModeling
0x00007fff4e1e6000 	/System/Library/PrivateFrameworks/CoreEmoji.framework/Versions/A/CoreEmoji
0x00007fff5ba92000 	/System/Library/PrivateFrameworks/LinguisticData.framework/Versions/A/LinguisticData
0x00007fff5ba43000 	/System/Library/PrivateFrameworks/Lexicon.framework/Versions/A/Lexicon
0x00007fff6d652000 	/usr/lib/libcmph.dylib
0x00007fff3f8d2000 	/System/Library/Frameworks/OpenDirectory.framework/Versions/A/Frameworks/CFOpenDirectory.framework/Versions/A/CFOpenDirectory
0x00007fff3f8ef000 	/System/Library/Frameworks/OpenDirectory.framework/Versions/A/OpenDirectory
0x00007fff47d0f000 	/System/Library/PrivateFrameworks/APFS.framework/Versions/A/APFS
0x00007fff42fde000 	/System/Library/Frameworks/SecurityFoundation.framework/Versions/A/SecurityFoundation
0x00007fff6f718000 	/usr/lib/libutil.dylib
0x00007fff4f71b000 	/System/Library/PrivateFrameworks/CoreServicesStore.framework/Versions/A/CoreServicesStore
0x00007fff43095000 	/System/Library/Frameworks/ServiceManagement.framework/Versions/A/ServiceManagement
0x00007fff4b427000 	/System/Library/PrivateFrameworks/BackgroundTaskManagement.framework/Versions/A/BackgroundTaskManagement
0x00007fff6f815000 	/usr/lib/libxslt.1.dylib
0x00007fff4a2cb000 	/System/Library/PrivateFrameworks/AppleSystemInfo.framework/Versions/A/AppleSystemInfo
0x00007fff39492000 	/System/Library/Frameworks/ImageIO.framework/Versions/A/Resources/libJPEG.dylib
0x00007fff3974e000 	/System/Library/Frameworks/ImageIO.framework/Versions/A/Resources/libTIFF.dylib
0x00007fff39731000 	/System/Library/Frameworks/ImageIO.framework/Versions/A/Resources/libPng.dylib
0x00007fff393d4000 	/System/Library/Frameworks/ImageIO.framework/Versions/A/Resources/libGIF.dylib
0x00007fff393d8000 	/System/Library/Frameworks/ImageIO.framework/Versions/A/Resources/libJP2.dylib
0x00007fff3974c000 	/System/Library/Frameworks/ImageIO.framework/Versions/A/Resources/libRadiance.dylib
0x00007fff6e096000 	/usr/lib/libexpat.1.dylib
0x00007fff49db4000 	/System/Library/PrivateFrameworks/AppleJPEG.framework/Versions/A/AppleJPEG
0x00007fff529f6000 	/System/Library/PrivateFrameworks/FontServices.framework/libFontParser.dylib
0x00007fff6924a000 	/System/Library/PrivateFrameworks/WatchdogClient.framework/Versions/A/WatchdogClient
0x00007fff5afd0000 	/System/Library/PrivateFrameworks/IOAccelerator.framework/Versions/A/IOAccelerator
0x00007fff3bc5c000 	/System/Library/Frameworks/MetalPerformanceShaders.framework/Versions/A/MetalPerformanceShaders
0x00007fff57769000 	/System/Library/PrivateFrameworks/GPUWrangler.framework/Versions/A/GPUWrangler
0x00007fff5afe5000 	/System/Library/PrivateFrameworks/IOPresentment.framework/Versions/A/IOPresentment
0x00007fff50297000 	/System/Library/PrivateFrameworks/DSExternalDisplay.framework/Versions/A/DSExternalDisplay
0x00007fff40263000 	/System/Library/Frameworks/OpenGL.framework/Versions/A/Libraries/libCoreFSCache.dylib
0x00007fff3b9a8000 	/System/Library/Frameworks/MetalPerformanceShaders.framework/Frameworks/MPSCore.framework/Versions/A/MPSCore
0x00007fff3b9e6000 	/System/Library/Frameworks/MetalPerformanceShaders.framework/Frameworks/MPSImage.framework/Versions/A/MPSImage
0x00007fff3baad000 	/System/Library/Frameworks/MetalPerformanceShaders.framework/Frameworks/MPSNeuralNetwork.framework/Versions/A/MPSNeuralNetwork
0x00007fff3ba71000 	/System/Library/Frameworks/MetalPerformanceShaders.framework/Frameworks/MPSMatrix.framework/Versions/A/MPSMatrix
0x00007fff3bc0c000 	/System/Library/Frameworks/MetalPerformanceShaders.framework/Frameworks/MPSRayIntersector.framework/Versions/A/MPSRayIntersector
0x00007fff3ba97000 	/System/Library/Frameworks/MetalPerformanceShaders.framework/Frameworks/MPSNDArray.framework/Versions/A/MPSNDArray
0x00007fff5ce4b000 	/System/Library/PrivateFrameworks/MetalTools.framework/Versions/A/MetalTools
0x00007fff48ee1000 	/System/Library/PrivateFrameworks/AggregateDictionary.framework/Versions/A/AggregateDictionary
0x00007fff4dc40000 	/System/Library/PrivateFrameworks/CoreAnalytics.framework/Versions/A/CoreAnalytics
0x00007fff4a1ea000 	/System/Library/PrivateFrameworks/AppleSauce.framework/Versions/A/AppleSauce
0x00007fff6d052000 	/usr/lib/libIOReport.dylib
0x00007fff38364000 	/System/Library/Frameworks/CoreVideo.framework/Versions/A/CoreVideo
0x00007fff58be3000 	/System/Library/PrivateFrameworks/GraphVisualizer.framework/Versions/A/GraphVisualizer
0x00007fff51f4a000 	/System/Library/PrivateFrameworks/FaceCore.framework/Versions/A/FaceCore
0x00007fff3f879000 	/System/Library/Frameworks/OpenCL.framework/Versions/A/OpenCL
0x00007fff6ce74000 	/usr/lib/libFosl_dynamic.dylib
0x00007fff5e314000 	/System/Library/PrivateFrameworks/OTSVG.framework/Versions/A/OTSVG
0x00007fff34526000 	/System/Library/Frameworks/ApplicationServices.framework/Versions/A/Frameworks/ATS.framework/Versions/A/Resources/libFontRegistry.dylib
0x00007fff52bc7000 	/System/Library/PrivateFrameworks/FontServices.framework/libhvf.dylib
0x00007fff4026e000 	/System/Library/Frameworks/OpenGL.framework/Versions/A/Libraries/libGFXShared.dylib
0x00007fff4044c000 	/System/Library/Frameworks/OpenGL.framework/Versions/A/Libraries/libGLU.dylib
0x00007fff40277000 	/System/Library/Frameworks/OpenGL.framework/Versions/A/Libraries/libGL.dylib
0x00007fff40282000 	/System/Library/Frameworks/OpenGL.framework/Versions/A/Libraries/libGLImage.dylib
0x00007fff40260000 	/System/Library/Frameworks/OpenGL.framework/Versions/A/Libraries/libCVMSPluginSupport.dylib
0x00007fff40269000 	/System/Library/Frameworks/OpenGL.framework/Versions/A/Libraries/libCoreVMClient.dylib
0x00007fff6eae8000 	/usr/lib/libncurses.5.4.dylib
0x00007fff34422000 	/System/Library/Frameworks/ApplicationServices.framework/Versions/A/Frameworks/ATS.framework/Versions/A/ATS
0x00007fff345ef000 	/System/Library/Frameworks/ApplicationServices.framework/Versions/A/Frameworks/ColorSyncLegacy.framework/Versions/A/ColorSyncLegacy
0x00007fff3468d000 	/System/Library/Frameworks/ApplicationServices.framework/Versions/A/Frameworks/HIServices.framework/Versions/A/HIServices
0x00007fff346e5000 	/System/Library/Frameworks/ApplicationServices.framework/Versions/A/Frameworks/LangAnalysis.framework/Versions/A/LangAnalysis
0x00007fff346f4000 	/System/Library/Frameworks/ApplicationServices.framework/Versions/A/Frameworks/PrintCore.framework/Versions/A/PrintCore
0x00007fff3473a000 	/System/Library/Frameworks/ApplicationServices.framework/Versions/A/Frameworks/QD.framework/Versions/A/QD
0x00007fff34745000 	/System/Library/Frameworks/ApplicationServices.framework/Versions/A/Frameworks/SpeechSynthesis.framework/Versions/A/SpeechSynthesis
0x00007fff345bf000 	/System/Library/Frameworks/ApplicationServices.framework/Versions/A/Frameworks/ATSUI.framework/Versions/A/ATSUI
0x00007fff6df2a000 	/usr/lib/libcups.2.dylib
0x00007fff3acf9000 	/System/Library/Frameworks/Kerberos.framework/Versions/A/Kerberos
0x00007fff38e3a000 	/System/Library/Frameworks/GSS.framework/Versions/A/GSS
0x00007fff6f269000 	/usr/lib/libresolv.9.dylib
0x00007fff58d91000 	/System/Library/PrivateFrameworks/Heimdal.framework/Versions/A/Heimdal
0x00007fff3ad0c000 	/System/Library/Frameworks/Kerberos.framework/Versions/A/Libraries/libHeimdalProxy.dylib
0x00007fff6e0d3000 	/usr/lib/libheimdal-asn1.dylib
0x00007fff4d0d9000 	/System/Library/PrivateFrameworks/CommonAuth.framework/Versions/A/CommonAuth
0x00007fff4a368000 	/System/Library/PrivateFrameworks/AssertionServices.framework/Versions/A/AssertionServices
0x00007fff4af0a000 	/System/Library/PrivateFrameworks/AudioToolboxCore.framework/Versions/A/AudioToolboxCore
0x00007fff69ef4000 	/System/Library/PrivateFrameworks/caulk.framework/Versions/A/caulk
0x00007fff4b4d3000 	/System/Library/PrivateFrameworks/BaseBoard.framework/Versions/A/BaseBoard
0x00007fff6255f000 	/System/Library/PrivateFrameworks/RunningBoardServices.framework/Versions/A/RunningBoardServices
0x00007fff5f573000 	/System/Library/PrivateFrameworks/PersistentConnection.framework/Versions/A/PersistentConnection
0x00007fff61f59000 	/System/Library/PrivateFrameworks/ProtocolBuffer.framework/Versions/A/ProtocolBuffer
0x00007fff4d0fd000 	/System/Library/PrivateFrameworks/CommonUtilities.framework/Versions/A/CommonUtilities
0x00007fff4b661000 	/System/Library/PrivateFrameworks/Bom.framework/Versions/A/Bom
0x00007fff6cd25000 	/usr/lib/libAudioToolboxUtility.dylib
0x00007fff4b431000 	/System/Library/PrivateFrameworks/Backup.framework/Versions/A/Backup
0x00007fff501b8000 	/System/Library/PrivateFrameworks/CrashReporterSupport.framework/Versions/A/CrashReporterSupport
0x00007fff63fed000 	/System/Library/PrivateFrameworks/Sharing.framework/Versions/A/Sharing
0x00007fff49977000 	/System/Library/PrivateFrameworks/Apple80211.framework/Versions/A/Apple80211
0x00007fff4b14e000 	/System/Library/PrivateFrameworks/AuthKit.framework/Versions/A/AuthKit
0x00007fff4fec8000 	/System/Library/PrivateFrameworks/CoreUtils.framework/Versions/A/CoreUtils
0x00007fff383a9000 	/System/Library/Frameworks/CoreWLAN.framework/Versions/A/CoreWLAN
0x00007fff38fc7000 	/System/Library/Frameworks/IOBluetooth.framework/Versions/A/IOBluetooth
0x00007fff5d14f000 	/System/Library/PrivateFrameworks/MobileKeyBag.framework/Versions/A/MobileKeyBag
0x00007fff4ecce000 	/System/Library/PrivateFrameworks/CorePhoneNumbers.framework/Versions/A/CorePhoneNumbers
0x00007fff49d67000 	/System/Library/PrivateFrameworks/AppleIDAuthSupport.framework/Versions/A/AppleIDAuthSupport
0x00007fff3ccf1000 	/System/Library/Frameworks/Network.framework/Versions/A/Network
0x00007fff5b820000 	/System/Library/PrivateFrameworks/KeychainCircle.framework/Versions/A/KeychainCircle
0x00007fff35e02000 	/System/Library/Frameworks/CoreBluetooth.framework/Versions/A/CoreBluetooth
0x00007fff6606a000 	/System/Library/PrivateFrameworks/SpeechRecognitionCore.framework/Versions/A/SpeechRecognitionCore
0x000000010ac00000 	/Users/ryankersten/wpilib/2020/jdk/lib/server/libjvm.dylib
0x0000000109af8000 	/Users/ryankersten/wpilib/2020/jdk/lib/libverify.dylib
0x0000000109b04000 	/Users/ryankersten/wpilib/2020/jdk/lib/libjava.dylib
0x0000000109b92000 	/Users/ryankersten/wpilib/2020/jdk/lib/libzip.dylib
0x0000000109b9a000 	/Users/ryankersten/wpilib/2020/jdk/lib/libjimage.dylib


VM Arguments:
jvm_args: --add-modules=ALL-SYSTEM --add-opens=java.base/java.util=ALL-UNNAMED --add-opens=java.base/java.lang=ALL-UNNAMED -Declipse.application=org.eclipse.jdt.ls.core.id1 -Dosgi.bundles.defaultStartLevel=4 -Declipse.product=org.eclipse.jdt.ls.core.product -Dfile.encoding=utf8 -XX:+UseParallelGC -XX:GCTimeRatio=4 -XX:AdaptiveSizePolicyWeight=90 -Dsun.zip.disableMemoryMapping=true -Xmx1G -Xms100m -Xverify:none 
java_command: /Users/ryankersten/.vscode/extensions/redhat.java-0.76.0/server/plugins/org.eclipse.equinox.launcher_1.6.100.v20201223-0822.jar -configuration /Users/ryankersten/Library/Application Support/Code/User/globalStorage/redhat.java/0.76.0/config_mac -data /Users/ryankersten/Library/Application Support/Code/User/workspaceStorage/5d53c4d30eeb0f31a17f4090b14b7298/redhat.java/jdt_ws
java_class_path (initial): /Users/ryankersten/.vscode/extensions/redhat.java-0.76.0/server/plugins/org.eclipse.equinox.launcher_1.6.100.v20201223-0822.jar
Launcher Type: SUN_STANDARD

[Global flags]
    uintx AdaptiveSizePolicyWeight                 = 90                                        {product} {command line}
     bool BytecodeVerificationLocal                = false                                     {product} {command line}
     bool BytecodeVerificationRemote               = false                                     {product} {command line}
    uintx GCTimeRatio                              = 4                                         {product} {command line}
   size_t InitialHeapSize                          = 104857600                                 {product} {command line}
   size_t MaxHeapSize                              = 1073741824                                {product} {command line}
    uintx ReservedCodeCacheSize                    = 251658240                              {pd product} {ergonomic}
     bool SegmentedCodeCache                       = true                                      {product} {ergonomic}
     bool UseCompressedClassPointers               = true                                 {lp64_product} {ergonomic}
     bool UseCompressedOops                        = true                                 {lp64_product} {ergonomic}
     bool UseParallelGC                            = true                                      {product} {command line}

Logging:
Log output configuration:
 #0: stdout all=warning uptime,level,tags
 #1: stderr all=off uptime,level,tags

Environment Variables:
PATH=/usr/local/bin:/usr/bin:/bin:/usr/sbin:/sbin:/opt/X11/bin
SHELL=/bin/zsh
DISPLAY=/private/tmp/com.apple.launchd.MOu4CEVaMW/org.macosforge.xquartz:0

Signal Handlers:
SIGSEGV: [libjvm.dylib+0x73f4e4], sa_mask[0]=11111111011111110111111111111111, sa_flags=SA_ONSTACK|SA_RESTART|SA_SIGINFO
SIGBUS: [libjvm.dylib+0x73f4e4], sa_mask[0]=11111111011111110111111111111111, sa_flags=SA_RESTART|SA_SIGINFO
SIGFPE: [libjvm.dylib+0x73f4e4], sa_mask[0]=11111111011111110111111111111111, sa_flags=SA_RESTART|SA_SIGINFO
SIGPIPE: [libjvm.dylib+0x5f2192], sa_mask[0]=11111111011111110111111111111111, sa_flags=SA_RESTART|SA_SIGINFO
SIGXFSZ: [libjvm.dylib+0x5f2192], sa_mask[0]=11111111011111110111111111111111, sa_flags=SA_RESTART|SA_SIGINFO
SIGILL: [libjvm.dylib+0x73f4e4], sa_mask[0]=11111111011111110111111111111111, sa_flags=SA_RESTART|SA_SIGINFO
SIGUSR2: [libjvm.dylib+0x5f2777], sa_mask[0]=00000000000000000000000000000000, sa_flags=SA_RESTART|SA_SIGINFO
SIGHUP: SIG_DFL, sa_mask[0]=00000000000000000000000000000000, sa_flags=SA_RESTART
SIGINT: SIG_DFL, sa_mask[0]=00000000000000000000000000000000, sa_flags=SA_RESTART
SIGTERM: SIG_DFL, sa_mask[0]=00000000000000000000000000000000, sa_flags=SA_RESTART
SIGQUIT: SIG_DFL, sa_mask[0]=00000000000000000000000000000000, sa_flags=SA_RESTART


---------------  S Y S T E M  ---------------

OS:uname:Darwin 19.4.0 Darwin Kernel Version 19.4.0: Wed Mar  4 22:28:40 PST 2020; root:xnu-6153.101.6~15/RELEASE_X86_64 x86_64
rlimit: STACK 8192k, CORE 0k, NPROC 1392, NOFILE 10240, AS infinity, DATA infinity, FSIZE infinity
load average:2.05 2.21 2.30

CPU:total 8 (initial active 8) 

Memory: 4k page, physical 8388608k(90432k free)

vm_info: OpenJDK 64-Bit Server VM (11.0.2+9) for bsd-amd64 JRE (11.0.2+9), built on Jan 18 2019 08:16:22 by "mach5one" with gcc 4.2.1 Compatible Apple LLVM 9.1.0 (clang-902.0.39.2)

END.
